<?xml version="1.0" encoding="UTF-8" ?>
<testsuite failures="0" time="0.087" errors="8" skipped="0" tests="9" name="com.sjsu.bikelet.domain.TenantIntegrationTest">
  <properties>
[...]
</properties>
  <testcase time="0.038" classname="com.sjsu.bikelet.domain.TenantIntegrationTest" name="testMarkerMethod"/>
  <testcase time="0.008" classname="com.sjsu.bikelet.domain.TenantIntegrationTest" name="testFlush">
    <error message="org.hibernate.exception.GenericJDBCException: could not execute query; nested exception is javax.persistence.PersistenceException: org.hibernate.exception.GenericJDBCException: could not execute query" type="org.springframework.orm.jpa.JpaSystemException">org.springframework.orm.jpa.JpaSystemException: org.hibernate.exception.GenericJDBCException: could not execute query; nested exception is javax.persistence.PersistenceException: org.hibernate.exception.GenericJDBCException: could not execute query
	at org.springframework.orm.jpa.EntityManagerFactoryUtils.convertJpaAccessExceptionIfPossible(EntityManagerFactoryUtils.java:311)
	at org.springframework.orm.jpa.aspectj.JpaExceptionTranslatorAspect.ajc$afterThrowing$org_springframework_orm_jpa_aspectj_JpaExceptionTranslatorAspect$1$18a1ac9(JpaExceptionTranslatorAspect.aj:15)
	at com.sjsu.bikelet.domain.Tenant_Roo_Entity.findTenantEntries_aroundBody8(Tenant_Roo_Entity.aj:75)
	at com.sjsu.bikelet.domain.Tenant_Roo_Entity.ajc$interMethod$com_sjsu_bikelet_domain_Tenant_Roo_Entity$com_sjsu_bikelet_domain_Tenant$findTenantEntries(Tenant_Roo_Entity.aj:1)
	at com.sjsu.bikelet.domain.Tenant.findTenantEntries(Tenant.java:1)
	at com.sjsu.bikelet.domain.Tenant_Roo_Entity.ajc$interMethodDispatch1$com_sjsu_bikelet_domain_Tenant_Roo_Entity$com_sjsu_bikelet_domain_Tenant$findTenantEntries(Tenant_Roo_Entity.aj)
	at com.sjsu.bikelet.domain.TenantDataOnDemand_Roo_DataOnDemand.ajc$interMethod$com_sjsu_bikelet_domain_TenantDataOnDemand_Roo_DataOnDemand$com_sjsu_bikelet_domain_TenantDataOnDemand$init(TenantDataOnDemand_Roo_DataOnDemand.aj:142)
	at com.sjsu.bikelet.domain.TenantDataOnDemand.init(TenantDataOnDemand.java:1)
	at com.sjsu.bikelet.domain.TenantDataOnDemand_Roo_DataOnDemand.ajc$interMethodDispatch1$com_sjsu_bikelet_domain_TenantDataOnDemand_Roo_DataOnDemand$com_sjsu_bikelet_domain_TenantDataOnDemand$init(TenantDataOnDemand_Roo_DataOnDemand.aj)
	at com.sjsu.bikelet.domain.TenantDataOnDemand_Roo_DataOnDemand.ajc$interMethod$com_sjsu_bikelet_domain_TenantDataOnDemand_Roo_DataOnDemand$com_sjsu_bikelet_domain_TenantDataOnDemand$getRandomTenant(TenantDataOnDemand_Roo_DataOnDemand.aj:129)
	at com.sjsu.bikelet.domain.TenantDataOnDemand.getRandomTenant(TenantDataOnDemand.java:1)
	at com.sjsu.bikelet.domain.TenantDataOnDemand_Roo_DataOnDemand.ajc$interMethodDispatch1$com_sjsu_bikelet_domain_TenantDataOnDemand_Roo_DataOnDemand$com_sjsu_bikelet_domain_TenantDataOnDemand$getRandomTenant(TenantDataOnDemand_Roo_DataOnDemand.aj)
	at com.sjsu.bikelet.domain.TenantIntegrationTest_Roo_IntegrationTest.ajc$interMethod$com_sjsu_bikelet_domain_TenantIntegrationTest_Roo_IntegrationTest$com_sjsu_bikelet_domain_TenantIntegrationTest$testFlush(TenantIntegrationTest_Roo_IntegrationTest.aj:71)
	at com.sjsu.bikelet.domain.TenantIntegrationTest.testFlush(TenantIntegrationTest.java:1)
	at sun.reflect.NativeMethodAccessorImpl.invoke0(Native Method)
	at sun.reflect.NativeMethodAccessorImpl.invoke(NativeMethodAccessorImpl.java:39)
	at sun.reflect.DelegatingMethodAccessorImpl.invoke(DelegatingMethodAccessorImpl.java:25)
	at java.lang.reflect.Method.invoke(Method.java:597)
	at org.junit.runners.model.FrameworkMethod$1.runReflectiveCall(FrameworkMethod.java:44)
	at org.junit.internal.runners.model.ReflectiveCallable.run(ReflectiveCallable.java:15)
	at org.junit.runners.model.FrameworkMethod.invokeExplosively(FrameworkMethod.java:41)
	at org.junit.internal.runners.statements.InvokeMethod.evaluate(InvokeMethod.java:20)
	at org.springframework.test.context.junit4.statements.RunBeforeTestMethodCallbacks.evaluate(RunBeforeTestMethodCallbacks.java:74)
	at org.springframework.test.context.junit4.statements.RunAfterTestMethodCallbacks.evaluate(RunAfterTestMethodCallbacks.java:82)
	at org.springframework.test.context.junit4.statements.SpringRepeat.evaluate(SpringRepeat.java:72)
	at org.springframework.test.context.junit4.SpringJUnit4ClassRunner.runChild(SpringJUnit4ClassRunner.java:231)
	at org.junit.runners.BlockJUnit4ClassRunner.runChild(BlockJUnit4ClassRunner.java:49)
	at org.junit.runners.ParentRunner$3.run(ParentRunner.java:193)
	at org.junit.runners.ParentRunner$1.schedule(ParentRunner.java:52)
	at org.junit.runners.ParentRunner.runChildren(ParentRunner.java:191)
	at org.junit.runners.ParentRunner.access$000(ParentRunner.java:42)
	at org.junit.runners.ParentRunner$2.evaluate(ParentRunner.java:184)
	at org.springframework.test.context.junit4.statements.RunBeforeTestClassCallbacks.evaluate(RunBeforeTestClassCallbacks.java:61)
	at org.springframework.test.context.junit4.statements.RunAfterTestClassCallbacks.evaluate(RunAfterTestClassCallbacks.java:70)
	at org.junit.runners.ParentRunner.run(ParentRunner.java:236)
	at org.springframework.test.context.junit4.SpringJUnit4ClassRunner.run(SpringJUnit4ClassRunner.java:174)
	at org.apache.maven.surefire.junit4.JUnit4TestSet.execute(JUnit4TestSet.java:53)
	at org.apache.maven.surefire.junit4.JUnit4Provider.executeTestSet(JUnit4Provider.java:119)
	at org.apache.maven.surefire.junit4.JUnit4Provider.invoke(JUnit4Provider.java:101)
	at sun.reflect.NativeMethodAccessorImpl.invoke0(Native Method)
	at sun.reflect.NativeMethodAccessorImpl.invoke(NativeMethodAccessorImpl.java:39)
	at sun.reflect.DelegatingMethodAccessorImpl.invoke(DelegatingMethodAccessorImpl.java:25)
	at java.lang.reflect.Method.invoke(Method.java:597)
	at org.apache.maven.surefire.booter.ProviderFactory$ClassLoaderProxy.invoke(ProviderFactory.java:103)
	at $Proxy0.invoke(Unknown Source)
	at org.apache.maven.surefire.booter.SurefireStarter.invokeProvider(SurefireStarter.java:150)
	at org.apache.maven.surefire.booter.SurefireStarter.runSuitesInProcess(SurefireStarter.java:91)
	at org.apache.maven.surefire.booter.ForkedBooter.main(ForkedBooter.java:69)
Caused by: javax.persistence.PersistenceException: org.hibernate.exception.GenericJDBCException: could not execute query
	at org.hibernate.ejb.AbstractEntityManagerImpl.convert(AbstractEntityManagerImpl.java:1215)
	at org.hibernate.ejb.AbstractEntityManagerImpl.convert(AbstractEntityManagerImpl.java:1148)
	at org.hibernate.ejb.QueryImpl.getResultList(QueryImpl.java:255)
	... 46 more
Caused by: org.hibernate.exception.GenericJDBCException: could not execute query
	at org.hibernate.exception.SQLStateConverter.handledNonSpecificException(SQLStateConverter.java:140)
	at org.hibernate.exception.SQLStateConverter.convert(SQLStateConverter.java:128)
	at org.hibernate.exception.JDBCExceptionHelper.convert(JDBCExceptionHelper.java:66)
	at org.hibernate.loader.Loader.doList(Loader.java:2536)
	at org.hibernate.loader.Loader.listIgnoreQueryCache(Loader.java:2276)
	at org.hibernate.loader.Loader.list(Loader.java:2271)
	at org.hibernate.loader.hql.QueryLoader.list(QueryLoader.java:452)
	at org.hibernate.hql.ast.QueryTranslatorImpl.list(QueryTranslatorImpl.java:363)
	at org.hibernate.engine.query.HQLQueryPlan.performList(HQLQueryPlan.java:196)
	at org.hibernate.impl.SessionImpl.list(SessionImpl.java:1268)
	at org.hibernate.impl.QueryImpl.list(QueryImpl.java:102)
	at org.hibernate.ejb.QueryImpl.getResultList(QueryImpl.java:246)
	... 46 more
Caused by: java.sql.SQLException: No database selected
	at com.mysql.jdbc.SQLError.createSQLException(SQLError.java:1073)
	at com.mysql.jdbc.MysqlIO.checkErrorPacket(MysqlIO.java:3597)
	at com.mysql.jdbc.MysqlIO.checkErrorPacket(MysqlIO.java:3529)
	at com.mysql.jdbc.MysqlIO.sendCommand(MysqlIO.java:1990)
	at com.mysql.jdbc.MysqlIO.sqlQueryDirect(MysqlIO.java:2151)
	at com.mysql.jdbc.ConnectionImpl.execSQL(ConnectionImpl.java:2625)
	at com.mysql.jdbc.PreparedStatement.executeInternal(PreparedStatement.java:2119)
	at com.mysql.jdbc.PreparedStatement.executeQuery(PreparedStatement.java:2281)
	at org.apache.commons.dbcp.DelegatingPreparedStatement.executeQuery(DelegatingPreparedStatement.java:96)
	at org.apache.commons.dbcp.DelegatingPreparedStatement.executeQuery(DelegatingPreparedStatement.java:96)
	at org.hibernate.jdbc.AbstractBatcher.getResultSet(AbstractBatcher.java:208)
	at org.hibernate.loader.Loader.getResultSet(Loader.java:1953)
	at org.hibernate.loader.Loader.doQuery(Loader.java:802)
	at org.hibernate.loader.Loader.doQueryAndInitializeNonLazyCollections(Loader.java:274)
	at org.hibernate.loader.Loader.doList(Loader.java:2533)
	... 54 more
</error>
    <system-out>2013-02-01 01:36:43,584 [main] ERROR org.hibernate.util.JDBCExceptionReporter - No database selected
</system-out>
  </testcase>
  <testcase time="0.005" classname="com.sjsu.bikelet.domain.TenantIntegrationTest" name="testMergeUpdate">
    <error message="org.hibernate.exception.GenericJDBCException: could not execute query; nested exception is javax.persistence.PersistenceException: org.hibernate.exception.GenericJDBCException: could not execute query" type="org.springframework.orm.jpa.JpaSystemException">org.springframework.orm.jpa.JpaSystemException: org.hibernate.exception.GenericJDBCException: could not execute query; nested exception is javax.persistence.PersistenceException: org.hibernate.exception.GenericJDBCException: could not execute query
	at org.springframework.orm.jpa.EntityManagerFactoryUtils.convertJpaAccessExceptionIfPossible(EntityManagerFactoryUtils.java:311)
	at org.springframework.orm.jpa.aspectj.JpaExceptionTranslatorAspect.ajc$afterThrowing$org_springframework_orm_jpa_aspectj_JpaExceptionTranslatorAspect$1$18a1ac9(JpaExceptionTranslatorAspect.aj:15)
	at com.sjsu.bikelet.domain.Tenant_Roo_Entity.findTenantEntries_aroundBody8(Tenant_Roo_Entity.aj:75)
	at com.sjsu.bikelet.domain.Tenant_Roo_Entity.ajc$interMethod$com_sjsu_bikelet_domain_Tenant_Roo_Entity$com_sjsu_bikelet_domain_Tenant$findTenantEntries(Tenant_Roo_Entity.aj:1)
	at com.sjsu.bikelet.domain.Tenant.findTenantEntries(Tenant.java:1)
	at com.sjsu.bikelet.domain.Tenant_Roo_Entity.ajc$interMethodDispatch1$com_sjsu_bikelet_domain_Tenant_Roo_Entity$com_sjsu_bikelet_domain_Tenant$findTenantEntries(Tenant_Roo_Entity.aj)
	at com.sjsu.bikelet.domain.TenantDataOnDemand_Roo_DataOnDemand.ajc$interMethod$com_sjsu_bikelet_domain_TenantDataOnDemand_Roo_DataOnDemand$com_sjsu_bikelet_domain_TenantDataOnDemand$init(TenantDataOnDemand_Roo_DataOnDemand.aj:142)
	at com.sjsu.bikelet.domain.TenantDataOnDemand.init(TenantDataOnDemand.java:1)
	at com.sjsu.bikelet.domain.TenantDataOnDemand_Roo_DataOnDemand.ajc$interMethodDispatch1$com_sjsu_bikelet_domain_TenantDataOnDemand_Roo_DataOnDemand$com_sjsu_bikelet_domain_TenantDataOnDemand$init(TenantDataOnDemand_Roo_DataOnDemand.aj)
	at com.sjsu.bikelet.domain.TenantDataOnDemand_Roo_DataOnDemand.ajc$interMethod$com_sjsu_bikelet_domain_TenantDataOnDemand_Roo_DataOnDemand$com_sjsu_bikelet_domain_TenantDataOnDemand$getRandomTenant(TenantDataOnDemand_Roo_DataOnDemand.aj:129)
	at com.sjsu.bikelet.domain.TenantDataOnDemand.getRandomTenant(TenantDataOnDemand.java:1)
	at com.sjsu.bikelet.domain.TenantDataOnDemand_Roo_DataOnDemand.ajc$interMethodDispatch1$com_sjsu_bikelet_domain_TenantDataOnDemand_Roo_DataOnDemand$com_sjsu_bikelet_domain_TenantDataOnDemand$getRandomTenant(TenantDataOnDemand_Roo_DataOnDemand.aj)
	at com.sjsu.bikelet.domain.TenantIntegrationTest_Roo_IntegrationTest.ajc$interMethod$com_sjsu_bikelet_domain_TenantIntegrationTest_Roo_IntegrationTest$com_sjsu_bikelet_domain_TenantIntegrationTest$testMergeUpdate(TenantIntegrationTest_Roo_IntegrationTest.aj:85)
	at com.sjsu.bikelet.domain.TenantIntegrationTest.testMergeUpdate(TenantIntegrationTest.java:1)
	at sun.reflect.NativeMethodAccessorImpl.invoke0(Native Method)
	at sun.reflect.NativeMethodAccessorImpl.invoke(NativeMethodAccessorImpl.java:39)
	at sun.reflect.DelegatingMethodAccessorImpl.invoke(DelegatingMethodAccessorImpl.java:25)
	at java.lang.reflect.Method.invoke(Method.java:597)
	at org.junit.runners.model.FrameworkMethod$1.runReflectiveCall(FrameworkMethod.java:44)
	at org.junit.internal.runners.model.ReflectiveCallable.run(ReflectiveCallable.java:15)
	at org.junit.runners.model.FrameworkMethod.invokeExplosively(FrameworkMethod.java:41)
	at org.junit.internal.runners.statements.InvokeMethod.evaluate(InvokeMethod.java:20)
	at org.springframework.test.context.junit4.statements.RunBeforeTestMethodCallbacks.evaluate(RunBeforeTestMethodCallbacks.java:74)
	at org.springframework.test.context.junit4.statements.RunAfterTestMethodCallbacks.evaluate(RunAfterTestMethodCallbacks.java:82)
	at org.springframework.test.context.junit4.statements.SpringRepeat.evaluate(SpringRepeat.java:72)
	at org.springframework.test.context.junit4.SpringJUnit4ClassRunner.runChild(SpringJUnit4ClassRunner.java:231)
	at org.junit.runners.BlockJUnit4ClassRunner.runChild(BlockJUnit4ClassRunner.java:49)
	at org.junit.runners.ParentRunner$3.run(ParentRunner.java:193)
	at org.junit.runners.ParentRunner$1.schedule(ParentRunner.java:52)
	at org.junit.runners.ParentRunner.runChildren(ParentRunner.java:191)
	at org.junit.runners.ParentRunner.access$000(ParentRunner.java:42)
	at org.junit.runners.ParentRunner$2.evaluate(ParentRunner.java:184)
	at org.springframework.test.context.junit4.statements.RunBeforeTestClassCallbacks.evaluate(RunBeforeTestClassCallbacks.java:61)
	at org.springframework.test.context.junit4.statements.RunAfterTestClassCallbacks.evaluate(RunAfterTestClassCallbacks.java:70)
	at org.junit.runners.ParentRunner.run(ParentRunner.java:236)
	at org.springframework.test.context.junit4.SpringJUnit4ClassRunner.run(SpringJUnit4ClassRunner.java:174)
	at org.apache.maven.surefire.junit4.JUnit4TestSet.execute(JUnit4TestSet.java:53)
	at org.apache.maven.surefire.junit4.JUnit4Provider.executeTestSet(JUnit4Provider.java:119)
	at org.apache.maven.surefire.junit4.JUnit4Provider.invoke(JUnit4Provider.java:101)
	at sun.reflect.NativeMethodAccessorImpl.invoke0(Native Method)
	at sun.reflect.NativeMethodAccessorImpl.invoke(NativeMethodAccessorImpl.java:39)
	at sun.reflect.DelegatingMethodAccessorImpl.invoke(DelegatingMethodAccessorImpl.java:25)
	at java.lang.reflect.Method.invoke(Method.java:597)
	at org.apache.maven.surefire.booter.ProviderFactory$ClassLoaderProxy.invoke(ProviderFactory.java:103)
	at $Proxy0.invoke(Unknown Source)
	at org.apache.maven.surefire.booter.SurefireStarter.invokeProvider(SurefireStarter.java:150)
	at org.apache.maven.surefire.booter.SurefireStarter.runSuitesInProcess(SurefireStarter.java:91)
	at org.apache.maven.surefire.booter.ForkedBooter.main(ForkedBooter.java:69)
Caused by: javax.persistence.PersistenceException: org.hibernate.exception.GenericJDBCException: could not execute query
	at org.hibernate.ejb.AbstractEntityManagerImpl.convert(AbstractEntityManagerImpl.java:1215)
	at org.hibernate.ejb.AbstractEntityManagerImpl.convert(AbstractEntityManagerImpl.java:1148)
	at org.hibernate.ejb.QueryImpl.getResultList(QueryImpl.java:255)
	... 46 more
Caused by: org.hibernate.exception.GenericJDBCException: could not execute query
	at org.hibernate.exception.SQLStateConverter.handledNonSpecificException(SQLStateConverter.java:140)
	at org.hibernate.exception.SQLStateConverter.convert(SQLStateConverter.java:128)
	at org.hibernate.exception.JDBCExceptionHelper.convert(JDBCExceptionHelper.java:66)
	at org.hibernate.loader.Loader.doList(Loader.java:2536)
	at org.hibernate.loader.Loader.listIgnoreQueryCache(Loader.java:2276)
	at org.hibernate.loader.Loader.list(Loader.java:2271)
	at org.hibernate.loader.hql.QueryLoader.list(QueryLoader.java:452)
	at org.hibernate.hql.ast.QueryTranslatorImpl.list(QueryTranslatorImpl.java:363)
	at org.hibernate.engine.query.HQLQueryPlan.performList(HQLQueryPlan.java:196)
	at org.hibernate.impl.SessionImpl.list(SessionImpl.java:1268)
	at org.hibernate.impl.QueryImpl.list(QueryImpl.java:102)
	at org.hibernate.ejb.QueryImpl.getResultList(QueryImpl.java:246)
	... 46 more
Caused by: java.sql.SQLException: No database selected
	at com.mysql.jdbc.SQLError.createSQLException(SQLError.java:1073)
	at com.mysql.jdbc.MysqlIO.checkErrorPacket(MysqlIO.java:3597)
	at com.mysql.jdbc.MysqlIO.checkErrorPacket(MysqlIO.java:3529)
	at com.mysql.jdbc.MysqlIO.sendCommand(MysqlIO.java:1990)
	at com.mysql.jdbc.MysqlIO.sqlQueryDirect(MysqlIO.java:2151)
	at com.mysql.jdbc.ConnectionImpl.execSQL(ConnectionImpl.java:2625)
	at com.mysql.jdbc.PreparedStatement.executeInternal(PreparedStatement.java:2119)
	at com.mysql.jdbc.PreparedStatement.executeQuery(PreparedStatement.java:2281)
	at org.apache.commons.dbcp.DelegatingPreparedStatement.executeQuery(DelegatingPreparedStatement.java:96)
	at org.apache.commons.dbcp.DelegatingPreparedStatement.executeQuery(DelegatingPreparedStatement.java:96)
	at org.hibernate.jdbc.AbstractBatcher.getResultSet(AbstractBatcher.java:208)
	at org.hibernate.loader.Loader.getResultSet(Loader.java:1953)
	at org.hibernate.loader.Loader.doQuery(Loader.java:802)
	at org.hibernate.loader.Loader.doQueryAndInitializeNonLazyCollections(Loader.java:274)
	at org.hibernate.loader.Loader.doList(Loader.java:2533)
	... 54 more
</error>
    <system-out>2013-02-01 01:36:43,589 [main] ERROR org.hibernate.util.JDBCExceptionReporter - No database selected
</system-out>
  </testcase>
  <testcase time="0.005" classname="com.sjsu.bikelet.domain.TenantIntegrationTest" name="testPersist">
    <error message="org.hibernate.exception.GenericJDBCException: could not execute query; nested exception is javax.persistence.PersistenceException: org.hibernate.exception.GenericJDBCException: could not execute query" type="org.springframework.orm.jpa.JpaSystemException">org.springframework.orm.jpa.JpaSystemException: org.hibernate.exception.GenericJDBCException: could not execute query; nested exception is javax.persistence.PersistenceException: org.hibernate.exception.GenericJDBCException: could not execute query
	at org.springframework.orm.jpa.EntityManagerFactoryUtils.convertJpaAccessExceptionIfPossible(EntityManagerFactoryUtils.java:311)
	at org.springframework.orm.jpa.aspectj.JpaExceptionTranslatorAspect.ajc$afterThrowing$org_springframework_orm_jpa_aspectj_JpaExceptionTranslatorAspect$1$18a1ac9(JpaExceptionTranslatorAspect.aj:15)
	at com.sjsu.bikelet.domain.Tenant_Roo_Entity.findTenantEntries_aroundBody8(Tenant_Roo_Entity.aj:75)
	at com.sjsu.bikelet.domain.Tenant_Roo_Entity.ajc$interMethod$com_sjsu_bikelet_domain_Tenant_Roo_Entity$com_sjsu_bikelet_domain_Tenant$findTenantEntries(Tenant_Roo_Entity.aj:1)
	at com.sjsu.bikelet.domain.Tenant.findTenantEntries(Tenant.java:1)
	at com.sjsu.bikelet.domain.Tenant_Roo_Entity.ajc$interMethodDispatch1$com_sjsu_bikelet_domain_Tenant_Roo_Entity$com_sjsu_bikelet_domain_Tenant$findTenantEntries(Tenant_Roo_Entity.aj)
	at com.sjsu.bikelet.domain.TenantDataOnDemand_Roo_DataOnDemand.ajc$interMethod$com_sjsu_bikelet_domain_TenantDataOnDemand_Roo_DataOnDemand$com_sjsu_bikelet_domain_TenantDataOnDemand$init(TenantDataOnDemand_Roo_DataOnDemand.aj:142)
	at com.sjsu.bikelet.domain.TenantDataOnDemand.init(TenantDataOnDemand.java:1)
	at com.sjsu.bikelet.domain.TenantDataOnDemand_Roo_DataOnDemand.ajc$interMethodDispatch1$com_sjsu_bikelet_domain_TenantDataOnDemand_Roo_DataOnDemand$com_sjsu_bikelet_domain_TenantDataOnDemand$init(TenantDataOnDemand_Roo_DataOnDemand.aj)
	at com.sjsu.bikelet.domain.TenantDataOnDemand_Roo_DataOnDemand.ajc$interMethod$com_sjsu_bikelet_domain_TenantDataOnDemand_Roo_DataOnDemand$com_sjsu_bikelet_domain_TenantDataOnDemand$getRandomTenant(TenantDataOnDemand_Roo_DataOnDemand.aj:129)
	at com.sjsu.bikelet.domain.TenantDataOnDemand.getRandomTenant(TenantDataOnDemand.java:1)
	at com.sjsu.bikelet.domain.TenantDataOnDemand_Roo_DataOnDemand.ajc$interMethodDispatch1$com_sjsu_bikelet_domain_TenantDataOnDemand_Roo_DataOnDemand$com_sjsu_bikelet_domain_TenantDataOnDemand$getRandomTenant(TenantDataOnDemand_Roo_DataOnDemand.aj)
	at com.sjsu.bikelet.domain.TenantIntegrationTest_Roo_IntegrationTest.ajc$interMethod$com_sjsu_bikelet_domain_TenantIntegrationTest_Roo_IntegrationTest$com_sjsu_bikelet_domain_TenantIntegrationTest$testPersist(TenantIntegrationTest_Roo_IntegrationTest.aj:100)
	at com.sjsu.bikelet.domain.TenantIntegrationTest.testPersist(TenantIntegrationTest.java:1)
	at sun.reflect.NativeMethodAccessorImpl.invoke0(Native Method)
	at sun.reflect.NativeMethodAccessorImpl.invoke(NativeMethodAccessorImpl.java:39)
	at sun.reflect.DelegatingMethodAccessorImpl.invoke(DelegatingMethodAccessorImpl.java:25)
	at java.lang.reflect.Method.invoke(Method.java:597)
	at org.junit.runners.model.FrameworkMethod$1.runReflectiveCall(FrameworkMethod.java:44)
	at org.junit.internal.runners.model.ReflectiveCallable.run(ReflectiveCallable.java:15)
	at org.junit.runners.model.FrameworkMethod.invokeExplosively(FrameworkMethod.java:41)
	at org.junit.internal.runners.statements.InvokeMethod.evaluate(InvokeMethod.java:20)
	at org.springframework.test.context.junit4.statements.RunBeforeTestMethodCallbacks.evaluate(RunBeforeTestMethodCallbacks.java:74)
	at org.springframework.test.context.junit4.statements.RunAfterTestMethodCallbacks.evaluate(RunAfterTestMethodCallbacks.java:82)
	at org.springframework.test.context.junit4.statements.SpringRepeat.evaluate(SpringRepeat.java:72)
	at org.springframework.test.context.junit4.SpringJUnit4ClassRunner.runChild(SpringJUnit4ClassRunner.java:231)
	at org.junit.runners.BlockJUnit4ClassRunner.runChild(BlockJUnit4ClassRunner.java:49)
	at org.junit.runners.ParentRunner$3.run(ParentRunner.java:193)
	at org.junit.runners.ParentRunner$1.schedule(ParentRunner.java:52)
	at org.junit.runners.ParentRunner.runChildren(ParentRunner.java:191)
	at org.junit.runners.ParentRunner.access$000(ParentRunner.java:42)
	at org.junit.runners.ParentRunner$2.evaluate(ParentRunner.java:184)
	at org.springframework.test.context.junit4.statements.RunBeforeTestClassCallbacks.evaluate(RunBeforeTestClassCallbacks.java:61)
	at org.springframework.test.context.junit4.statements.RunAfterTestClassCallbacks.evaluate(RunAfterTestClassCallbacks.java:70)
	at org.junit.runners.ParentRunner.run(ParentRunner.java:236)
	at org.springframework.test.context.junit4.SpringJUnit4ClassRunner.run(SpringJUnit4ClassRunner.java:174)
	at org.apache.maven.surefire.junit4.JUnit4TestSet.execute(JUnit4TestSet.java:53)
	at org.apache.maven.surefire.junit4.JUnit4Provider.executeTestSet(JUnit4Provider.java:119)
	at org.apache.maven.surefire.junit4.JUnit4Provider.invoke(JUnit4Provider.java:101)
	at sun.reflect.NativeMethodAccessorImpl.invoke0(Native Method)
	at sun.reflect.NativeMethodAccessorImpl.invoke(NativeMethodAccessorImpl.java:39)
	at sun.reflect.DelegatingMethodAccessorImpl.invoke(DelegatingMethodAccessorImpl.java:25)
	at java.lang.reflect.Method.invoke(Method.java:597)
	at org.apache.maven.surefire.booter.ProviderFactory$ClassLoaderProxy.invoke(ProviderFactory.java:103)
	at $Proxy0.invoke(Unknown Source)
	at org.apache.maven.surefire.booter.SurefireStarter.invokeProvider(SurefireStarter.java:150)
	at org.apache.maven.surefire.booter.SurefireStarter.runSuitesInProcess(SurefireStarter.java:91)
	at org.apache.maven.surefire.booter.ForkedBooter.main(ForkedBooter.java:69)
Caused by: javax.persistence.PersistenceException: org.hibernate.exception.GenericJDBCException: could not execute query
	at org.hibernate.ejb.AbstractEntityManagerImpl.convert(AbstractEntityManagerImpl.java:1215)
	at org.hibernate.ejb.AbstractEntityManagerImpl.convert(AbstractEntityManagerImpl.java:1148)
	at org.hibernate.ejb.QueryImpl.getResultList(QueryImpl.java:255)
	... 46 more
Caused by: org.hibernate.exception.GenericJDBCException: could not execute query
	at org.hibernate.exception.SQLStateConverter.handledNonSpecificException(SQLStateConverter.java:140)
	at org.hibernate.exception.SQLStateConverter.convert(SQLStateConverter.java:128)
	at org.hibernate.exception.JDBCExceptionHelper.convert(JDBCExceptionHelper.java:66)
	at org.hibernate.loader.Loader.doList(Loader.java:2536)
	at org.hibernate.loader.Loader.listIgnoreQueryCache(Loader.java:2276)
	at org.hibernate.loader.Loader.list(Loader.java:2271)
	at org.hibernate.loader.hql.QueryLoader.list(QueryLoader.java:452)
	at org.hibernate.hql.ast.QueryTranslatorImpl.list(QueryTranslatorImpl.java:363)
	at org.hibernate.engine.query.HQLQueryPlan.performList(HQLQueryPlan.java:196)
	at org.hibernate.impl.SessionImpl.list(SessionImpl.java:1268)
	at org.hibernate.impl.QueryImpl.list(QueryImpl.java:102)
	at org.hibernate.ejb.QueryImpl.getResultList(QueryImpl.java:246)
	... 46 more
Caused by: java.sql.SQLException: No database selected
	at com.mysql.jdbc.SQLError.createSQLException(SQLError.java:1073)
	at com.mysql.jdbc.MysqlIO.checkErrorPacket(MysqlIO.java:3597)
	at com.mysql.jdbc.MysqlIO.checkErrorPacket(MysqlIO.java:3529)
	at com.mysql.jdbc.MysqlIO.sendCommand(MysqlIO.java:1990)
	at com.mysql.jdbc.MysqlIO.sqlQueryDirect(MysqlIO.java:2151)
	at com.mysql.jdbc.ConnectionImpl.execSQL(ConnectionImpl.java:2625)
	at com.mysql.jdbc.PreparedStatement.executeInternal(PreparedStatement.java:2119)
	at com.mysql.jdbc.PreparedStatement.executeQuery(PreparedStatement.java:2281)
	at org.apache.commons.dbcp.DelegatingPreparedStatement.executeQuery(DelegatingPreparedStatement.java:96)
	at org.apache.commons.dbcp.DelegatingPreparedStatement.executeQuery(DelegatingPreparedStatement.java:96)
	at org.hibernate.jdbc.AbstractBatcher.getResultSet(AbstractBatcher.java:208)
	at org.hibernate.loader.Loader.getResultSet(Loader.java:1953)
	at org.hibernate.loader.Loader.doQuery(Loader.java:802)
	at org.hibernate.loader.Loader.doQueryAndInitializeNonLazyCollections(Loader.java:274)
	at org.hibernate.loader.Loader.doList(Loader.java:2533)
	... 54 more
</error>
    <system-out>2013-02-01 01:36:43,594 [main] ERROR org.hibernate.util.JDBCExceptionReporter - No database selected
</system-out>
  </testcase>
  <testcase time="0.009" classname="com.sjsu.bikelet.domain.TenantIntegrationTest" name="testRemove">
    <error message="org.hibernate.exception.GenericJDBCException: could not execute query; nested exception is javax.persistence.PersistenceException: org.hibernate.exception.GenericJDBCException: could not execute query" type="org.springframework.orm.jpa.JpaSystemException">org.springframework.orm.jpa.JpaSystemException: org.hibernate.exception.GenericJDBCException: could not execute query; nested exception is javax.persistence.PersistenceException: org.hibernate.exception.GenericJDBCException: could not execute query
	at org.springframework.orm.jpa.EntityManagerFactoryUtils.convertJpaAccessExceptionIfPossible(EntityManagerFactoryUtils.java:311)
	at org.springframework.orm.jpa.aspectj.JpaExceptionTranslatorAspect.ajc$afterThrowing$org_springframework_orm_jpa_aspectj_JpaExceptionTranslatorAspect$1$18a1ac9(JpaExceptionTranslatorAspect.aj:15)
	at com.sjsu.bikelet.domain.Tenant_Roo_Entity.findTenantEntries_aroundBody8(Tenant_Roo_Entity.aj:75)
	at com.sjsu.bikelet.domain.Tenant_Roo_Entity.ajc$interMethod$com_sjsu_bikelet_domain_Tenant_Roo_Entity$com_sjsu_bikelet_domain_Tenant$findTenantEntries(Tenant_Roo_Entity.aj:1)
	at com.sjsu.bikelet.domain.Tenant.findTenantEntries(Tenant.java:1)
	at com.sjsu.bikelet.domain.Tenant_Roo_Entity.ajc$interMethodDispatch1$com_sjsu_bikelet_domain_Tenant_Roo_Entity$com_sjsu_bikelet_domain_Tenant$findTenantEntries(Tenant_Roo_Entity.aj)
	at com.sjsu.bikelet.domain.TenantDataOnDemand_Roo_DataOnDemand.ajc$interMethod$com_sjsu_bikelet_domain_TenantDataOnDemand_Roo_DataOnDemand$com_sjsu_bikelet_domain_TenantDataOnDemand$init(TenantDataOnDemand_Roo_DataOnDemand.aj:142)
	at com.sjsu.bikelet.domain.TenantDataOnDemand.init(TenantDataOnDemand.java:1)
	at com.sjsu.bikelet.domain.TenantDataOnDemand_Roo_DataOnDemand.ajc$interMethodDispatch1$com_sjsu_bikelet_domain_TenantDataOnDemand_Roo_DataOnDemand$com_sjsu_bikelet_domain_TenantDataOnDemand$init(TenantDataOnDemand_Roo_DataOnDemand.aj)
	at com.sjsu.bikelet.domain.TenantDataOnDemand_Roo_DataOnDemand.ajc$interMethod$com_sjsu_bikelet_domain_TenantDataOnDemand_Roo_DataOnDemand$com_sjsu_bikelet_domain_TenantDataOnDemand$getRandomTenant(TenantDataOnDemand_Roo_DataOnDemand.aj:129)
	at com.sjsu.bikelet.domain.TenantDataOnDemand.getRandomTenant(TenantDataOnDemand.java:1)
	at com.sjsu.bikelet.domain.TenantDataOnDemand_Roo_DataOnDemand.ajc$interMethodDispatch1$com_sjsu_bikelet_domain_TenantDataOnDemand_Roo_DataOnDemand$com_sjsu_bikelet_domain_TenantDataOnDemand$getRandomTenant(TenantDataOnDemand_Roo_DataOnDemand.aj)
	at com.sjsu.bikelet.domain.TenantIntegrationTest_Roo_IntegrationTest.ajc$interMethod$com_sjsu_bikelet_domain_TenantIntegrationTest_Roo_IntegrationTest$com_sjsu_bikelet_domain_TenantIntegrationTest$testRemove(TenantIntegrationTest_Roo_IntegrationTest.aj:111)
	at com.sjsu.bikelet.domain.TenantIntegrationTest.testRemove(TenantIntegrationTest.java:1)
	at sun.reflect.NativeMethodAccessorImpl.invoke0(Native Method)
	at sun.reflect.NativeMethodAccessorImpl.invoke(NativeMethodAccessorImpl.java:39)
	at sun.reflect.DelegatingMethodAccessorImpl.invoke(DelegatingMethodAccessorImpl.java:25)
	at java.lang.reflect.Method.invoke(Method.java:597)
	at org.junit.runners.model.FrameworkMethod$1.runReflectiveCall(FrameworkMethod.java:44)
	at org.junit.internal.runners.model.ReflectiveCallable.run(ReflectiveCallable.java:15)
	at org.junit.runners.model.FrameworkMethod.invokeExplosively(FrameworkMethod.java:41)
	at org.junit.internal.runners.statements.InvokeMethod.evaluate(InvokeMethod.java:20)
	at org.springframework.test.context.junit4.statements.RunBeforeTestMethodCallbacks.evaluate(RunBeforeTestMethodCallbacks.java:74)
	at org.springframework.test.context.junit4.statements.RunAfterTestMethodCallbacks.evaluate(RunAfterTestMethodCallbacks.java:82)
	at org.springframework.test.context.junit4.statements.SpringRepeat.evaluate(SpringRepeat.java:72)
	at org.springframework.test.context.junit4.SpringJUnit4ClassRunner.runChild(SpringJUnit4ClassRunner.java:231)
	at org.junit.runners.BlockJUnit4ClassRunner.runChild(BlockJUnit4ClassRunner.java:49)
	at org.junit.runners.ParentRunner$3.run(ParentRunner.java:193)
	at org.junit.runners.ParentRunner$1.schedule(ParentRunner.java:52)
	at org.junit.runners.ParentRunner.runChildren(ParentRunner.java:191)
	at org.junit.runners.ParentRunner.access$000(ParentRunner.java:42)
	at org.junit.runners.ParentRunner$2.evaluate(ParentRunner.java:184)
	at org.springframework.test.context.junit4.statements.RunBeforeTestClassCallbacks.evaluate(RunBeforeTestClassCallbacks.java:61)
	at org.springframework.test.context.junit4.statements.RunAfterTestClassCallbacks.evaluate(RunAfterTestClassCallbacks.java:70)
	at org.junit.runners.ParentRunner.run(ParentRunner.java:236)
	at org.springframework.test.context.junit4.SpringJUnit4ClassRunner.run(SpringJUnit4ClassRunner.java:174)
	at org.apache.maven.surefire.junit4.JUnit4TestSet.execute(JUnit4TestSet.java:53)
	at org.apache.maven.surefire.junit4.JUnit4Provider.executeTestSet(JUnit4Provider.java:119)
	at org.apache.maven.surefire.junit4.JUnit4Provider.invoke(JUnit4Provider.java:101)
	at sun.reflect.NativeMethodAccessorImpl.invoke0(Native Method)
	at sun.reflect.NativeMethodAccessorImpl.invoke(NativeMethodAccessorImpl.java:39)
	at sun.reflect.DelegatingMethodAccessorImpl.invoke(DelegatingMethodAccessorImpl.java:25)
	at java.lang.reflect.Method.invoke(Method.java:597)
	at org.apache.maven.surefire.booter.ProviderFactory$ClassLoaderProxy.invoke(ProviderFactory.java:103)
	at $Proxy0.invoke(Unknown Source)
	at org.apache.maven.surefire.booter.SurefireStarter.invokeProvider(SurefireStarter.java:150)
	at org.apache.maven.surefire.booter.SurefireStarter.runSuitesInProcess(SurefireStarter.java:91)
	at org.apache.maven.surefire.booter.ForkedBooter.main(ForkedBooter.java:69)
Caused by: javax.persistence.PersistenceException: org.hibernate.exception.GenericJDBCException: could not execute query
	at org.hibernate.ejb.AbstractEntityManagerImpl.convert(AbstractEntityManagerImpl.java:1215)
	at org.hibernate.ejb.AbstractEntityManagerImpl.convert(AbstractEntityManagerImpl.java:1148)
	at org.hibernate.ejb.QueryImpl.getResultList(QueryImpl.java:255)
	... 46 more
Caused by: org.hibernate.exception.GenericJDBCException: could not execute query
	at org.hibernate.exception.SQLStateConverter.handledNonSpecificException(SQLStateConverter.java:140)
	at org.hibernate.exception.SQLStateConverter.convert(SQLStateConverter.java:128)
	at org.hibernate.exception.JDBCExceptionHelper.convert(JDBCExceptionHelper.java:66)
	at org.hibernate.loader.Loader.doList(Loader.java:2536)
	at org.hibernate.loader.Loader.listIgnoreQueryCache(Loader.java:2276)
	at org.hibernate.loader.Loader.list(Loader.java:2271)
	at org.hibernate.loader.hql.QueryLoader.list(QueryLoader.java:452)
	at org.hibernate.hql.ast.QueryTranslatorImpl.list(QueryTranslatorImpl.java:363)
	at org.hibernate.engine.query.HQLQueryPlan.performList(HQLQueryPlan.java:196)
	at org.hibernate.impl.SessionImpl.list(SessionImpl.java:1268)
	at org.hibernate.impl.QueryImpl.list(QueryImpl.java:102)
	at org.hibernate.ejb.QueryImpl.getResultList(QueryImpl.java:246)
	... 46 more
Caused by: java.sql.SQLException: No database selected
	at com.mysql.jdbc.SQLError.createSQLException(SQLError.java:1073)
	at com.mysql.jdbc.MysqlIO.checkErrorPacket(MysqlIO.java:3597)
	at com.mysql.jdbc.MysqlIO.checkErrorPacket(MysqlIO.java:3529)
	at com.mysql.jdbc.MysqlIO.sendCommand(MysqlIO.java:1990)
	at com.mysql.jdbc.MysqlIO.sqlQueryDirect(MysqlIO.java:2151)
	at com.mysql.jdbc.ConnectionImpl.execSQL(ConnectionImpl.java:2625)
	at com.mysql.jdbc.PreparedStatement.executeInternal(PreparedStatement.java:2119)
	at com.mysql.jdbc.PreparedStatement.executeQuery(PreparedStatement.java:2281)
	at org.apache.commons.dbcp.DelegatingPreparedStatement.executeQuery(DelegatingPreparedStatement.java:96)
	at org.apache.commons.dbcp.DelegatingPreparedStatement.executeQuery(DelegatingPreparedStatement.java:96)
	at org.hibernate.jdbc.AbstractBatcher.getResultSet(AbstractBatcher.java:208)
	at org.hibernate.loader.Loader.getResultSet(Loader.java:1953)
	at org.hibernate.loader.Loader.doQuery(Loader.java:802)
	at org.hibernate.loader.Loader.doQueryAndInitializeNonLazyCollections(Loader.java:274)
	at org.hibernate.loader.Loader.doList(Loader.java:2533)
	... 54 more
</error>
    <system-out>2013-02-01 01:36:43,602 [main] ERROR org.hibernate.util.JDBCExceptionReporter - No database selected
</system-out>
  </testcase>
  <testcase time="0.005" classname="com.sjsu.bikelet.domain.TenantIntegrationTest" name="testCountTenants">
    <error message="org.hibernate.exception.GenericJDBCException: could not execute query; nested exception is javax.persistence.PersistenceException: org.hibernate.exception.GenericJDBCException: could not execute query" type="org.springframework.orm.jpa.JpaSystemException">org.springframework.orm.jpa.JpaSystemException: org.hibernate.exception.GenericJDBCException: could not execute query; nested exception is javax.persistence.PersistenceException: org.hibernate.exception.GenericJDBCException: could not execute query
	at org.springframework.orm.jpa.EntityManagerFactoryUtils.convertJpaAccessExceptionIfPossible(EntityManagerFactoryUtils.java:311)
	at org.springframework.orm.jpa.aspectj.JpaExceptionTranslatorAspect.ajc$afterThrowing$org_springframework_orm_jpa_aspectj_JpaExceptionTranslatorAspect$1$18a1ac9(JpaExceptionTranslatorAspect.aj:15)
	at com.sjsu.bikelet.domain.Tenant_Roo_Entity.findTenantEntries_aroundBody8(Tenant_Roo_Entity.aj:75)
	at com.sjsu.bikelet.domain.Tenant_Roo_Entity.ajc$interMethod$com_sjsu_bikelet_domain_Tenant_Roo_Entity$com_sjsu_bikelet_domain_Tenant$findTenantEntries(Tenant_Roo_Entity.aj:1)
	at com.sjsu.bikelet.domain.Tenant.findTenantEntries(Tenant.java:1)
	at com.sjsu.bikelet.domain.Tenant_Roo_Entity.ajc$interMethodDispatch1$com_sjsu_bikelet_domain_Tenant_Roo_Entity$com_sjsu_bikelet_domain_Tenant$findTenantEntries(Tenant_Roo_Entity.aj)
	at com.sjsu.bikelet.domain.TenantDataOnDemand_Roo_DataOnDemand.ajc$interMethod$com_sjsu_bikelet_domain_TenantDataOnDemand_Roo_DataOnDemand$com_sjsu_bikelet_domain_TenantDataOnDemand$init(TenantDataOnDemand_Roo_DataOnDemand.aj:142)
	at com.sjsu.bikelet.domain.TenantDataOnDemand.init(TenantDataOnDemand.java:1)
	at com.sjsu.bikelet.domain.TenantDataOnDemand_Roo_DataOnDemand.ajc$interMethodDispatch1$com_sjsu_bikelet_domain_TenantDataOnDemand_Roo_DataOnDemand$com_sjsu_bikelet_domain_TenantDataOnDemand$init(TenantDataOnDemand_Roo_DataOnDemand.aj)
	at com.sjsu.bikelet.domain.TenantDataOnDemand_Roo_DataOnDemand.ajc$interMethod$com_sjsu_bikelet_domain_TenantDataOnDemand_Roo_DataOnDemand$com_sjsu_bikelet_domain_TenantDataOnDemand$getRandomTenant(TenantDataOnDemand_Roo_DataOnDemand.aj:129)
	at com.sjsu.bikelet.domain.TenantDataOnDemand.getRandomTenant(TenantDataOnDemand.java:1)
	at com.sjsu.bikelet.domain.TenantDataOnDemand_Roo_DataOnDemand.ajc$interMethodDispatch1$com_sjsu_bikelet_domain_TenantDataOnDemand_Roo_DataOnDemand$com_sjsu_bikelet_domain_TenantDataOnDemand$getRandomTenant(TenantDataOnDemand_Roo_DataOnDemand.aj)
	at com.sjsu.bikelet.domain.TenantIntegrationTest_Roo_IntegrationTest.ajc$interMethod$com_sjsu_bikelet_domain_TenantIntegrationTest_Roo_IntegrationTest$com_sjsu_bikelet_domain_TenantIntegrationTest$testCountTenants(TenantIntegrationTest_Roo_IntegrationTest.aj:31)
	at com.sjsu.bikelet.domain.TenantIntegrationTest.testCountTenants(TenantIntegrationTest.java:1)
	at sun.reflect.NativeMethodAccessorImpl.invoke0(Native Method)
	at sun.reflect.NativeMethodAccessorImpl.invoke(NativeMethodAccessorImpl.java:39)
	at sun.reflect.DelegatingMethodAccessorImpl.invoke(DelegatingMethodAccessorImpl.java:25)
	at java.lang.reflect.Method.invoke(Method.java:597)
	at org.junit.runners.model.FrameworkMethod$1.runReflectiveCall(FrameworkMethod.java:44)
	at org.junit.internal.runners.model.ReflectiveCallable.run(ReflectiveCallable.java:15)
	at org.junit.runners.model.FrameworkMethod.invokeExplosively(FrameworkMethod.java:41)
	at org.junit.internal.runners.statements.InvokeMethod.evaluate(InvokeMethod.java:20)
	at org.springframework.test.context.junit4.statements.RunBeforeTestMethodCallbacks.evaluate(RunBeforeTestMethodCallbacks.java:74)
	at org.springframework.test.context.junit4.statements.RunAfterTestMethodCallbacks.evaluate(RunAfterTestMethodCallbacks.java:82)
	at org.springframework.test.context.junit4.statements.SpringRepeat.evaluate(SpringRepeat.java:72)
	at org.springframework.test.context.junit4.SpringJUnit4ClassRunner.runChild(SpringJUnit4ClassRunner.java:231)
	at org.junit.runners.BlockJUnit4ClassRunner.runChild(BlockJUnit4ClassRunner.java:49)
	at org.junit.runners.ParentRunner$3.run(ParentRunner.java:193)
	at org.junit.runners.ParentRunner$1.schedule(ParentRunner.java:52)
	at org.junit.runners.ParentRunner.runChildren(ParentRunner.java:191)
	at org.junit.runners.ParentRunner.access$000(ParentRunner.java:42)
	at org.junit.runners.ParentRunner$2.evaluate(ParentRunner.java:184)
	at org.springframework.test.context.junit4.statements.RunBeforeTestClassCallbacks.evaluate(RunBeforeTestClassCallbacks.java:61)
	at org.springframework.test.context.junit4.statements.RunAfterTestClassCallbacks.evaluate(RunAfterTestClassCallbacks.java:70)
	at org.junit.runners.ParentRunner.run(ParentRunner.java:236)
	at org.springframework.test.context.junit4.SpringJUnit4ClassRunner.run(SpringJUnit4ClassRunner.java:174)
	at org.apache.maven.surefire.junit4.JUnit4TestSet.execute(JUnit4TestSet.java:53)
	at org.apache.maven.surefire.junit4.JUnit4Provider.executeTestSet(JUnit4Provider.java:119)
	at org.apache.maven.surefire.junit4.JUnit4Provider.invoke(JUnit4Provider.java:101)
	at sun.reflect.NativeMethodAccessorImpl.invoke0(Native Method)
	at sun.reflect.NativeMethodAccessorImpl.invoke(NativeMethodAccessorImpl.java:39)
	at sun.reflect.DelegatingMethodAccessorImpl.invoke(DelegatingMethodAccessorImpl.java:25)
	at java.lang.reflect.Method.invoke(Method.java:597)
	at org.apache.maven.surefire.booter.ProviderFactory$ClassLoaderProxy.invoke(ProviderFactory.java:103)
	at $Proxy0.invoke(Unknown Source)
	at org.apache.maven.surefire.booter.SurefireStarter.invokeProvider(SurefireStarter.java:150)
	at org.apache.maven.surefire.booter.SurefireStarter.runSuitesInProcess(SurefireStarter.java:91)
	at org.apache.maven.surefire.booter.ForkedBooter.main(ForkedBooter.java:69)
Caused by: javax.persistence.PersistenceException: org.hibernate.exception.GenericJDBCException: could not execute query
	at org.hibernate.ejb.AbstractEntityManagerImpl.convert(AbstractEntityManagerImpl.java:1215)
	at org.hibernate.ejb.AbstractEntityManagerImpl.convert(AbstractEntityManagerImpl.java:1148)
	at org.hibernate.ejb.QueryImpl.getResultList(QueryImpl.java:255)
	... 46 more
Caused by: org.hibernate.exception.GenericJDBCException: could not execute query
	at org.hibernate.exception.SQLStateConverter.handledNonSpecificException(SQLStateConverter.java:140)
	at org.hibernate.exception.SQLStateConverter.convert(SQLStateConverter.java:128)
	at org.hibernate.exception.JDBCExceptionHelper.convert(JDBCExceptionHelper.java:66)
	at org.hibernate.loader.Loader.doList(Loader.java:2536)
	at org.hibernate.loader.Loader.listIgnoreQueryCache(Loader.java:2276)
	at org.hibernate.loader.Loader.list(Loader.java:2271)
	at org.hibernate.loader.hql.QueryLoader.list(QueryLoader.java:452)
	at org.hibernate.hql.ast.QueryTranslatorImpl.list(QueryTranslatorImpl.java:363)
	at org.hibernate.engine.query.HQLQueryPlan.performList(HQLQueryPlan.java:196)
	at org.hibernate.impl.SessionImpl.list(SessionImpl.java:1268)
	at org.hibernate.impl.QueryImpl.list(QueryImpl.java:102)
	at org.hibernate.ejb.QueryImpl.getResultList(QueryImpl.java:246)
	... 46 more
Caused by: java.sql.SQLException: No database selected
	at com.mysql.jdbc.SQLError.createSQLException(SQLError.java:1073)
	at com.mysql.jdbc.MysqlIO.checkErrorPacket(MysqlIO.java:3597)
	at com.mysql.jdbc.MysqlIO.checkErrorPacket(MysqlIO.java:3529)
	at com.mysql.jdbc.MysqlIO.sendCommand(MysqlIO.java:1990)
	at com.mysql.jdbc.MysqlIO.sqlQueryDirect(MysqlIO.java:2151)
	at com.mysql.jdbc.ConnectionImpl.execSQL(ConnectionImpl.java:2625)
	at com.mysql.jdbc.PreparedStatement.executeInternal(PreparedStatement.java:2119)
	at com.mysql.jdbc.PreparedStatement.executeQuery(PreparedStatement.java:2281)
	at org.apache.commons.dbcp.DelegatingPreparedStatement.executeQuery(DelegatingPreparedStatement.java:96)
	at org.apache.commons.dbcp.DelegatingPreparedStatement.executeQuery(DelegatingPreparedStatement.java:96)
	at org.hibernate.jdbc.AbstractBatcher.getResultSet(AbstractBatcher.java:208)
	at org.hibernate.loader.Loader.getResultSet(Loader.java:1953)
	at org.hibernate.loader.Loader.doQuery(Loader.java:802)
	at org.hibernate.loader.Loader.doQueryAndInitializeNonLazyCollections(Loader.java:274)
	at org.hibernate.loader.Loader.doList(Loader.java:2533)
	... 54 more
</error>
    <system-out>2013-02-01 01:36:43,609 [main] ERROR org.hibernate.util.JDBCExceptionReporter - No database selected
</system-out>
  </testcase>
  <testcase time="0.003" classname="com.sjsu.bikelet.domain.TenantIntegrationTest" name="testFindTenant">
    <error message="org.hibernate.exception.GenericJDBCException: could not execute query; nested exception is javax.persistence.PersistenceException: org.hibernate.exception.GenericJDBCException: could not execute query" type="org.springframework.orm.jpa.JpaSystemException">org.springframework.orm.jpa.JpaSystemException: org.hibernate.exception.GenericJDBCException: could not execute query; nested exception is javax.persistence.PersistenceException: org.hibernate.exception.GenericJDBCException: could not execute query
	at org.springframework.orm.jpa.EntityManagerFactoryUtils.convertJpaAccessExceptionIfPossible(EntityManagerFactoryUtils.java:311)
	at org.springframework.orm.jpa.aspectj.JpaExceptionTranslatorAspect.ajc$afterThrowing$org_springframework_orm_jpa_aspectj_JpaExceptionTranslatorAspect$1$18a1ac9(JpaExceptionTranslatorAspect.aj:15)
	at com.sjsu.bikelet.domain.Tenant_Roo_Entity.findTenantEntries_aroundBody8(Tenant_Roo_Entity.aj:75)
	at com.sjsu.bikelet.domain.Tenant_Roo_Entity.ajc$interMethod$com_sjsu_bikelet_domain_Tenant_Roo_Entity$com_sjsu_bikelet_domain_Tenant$findTenantEntries(Tenant_Roo_Entity.aj:1)
	at com.sjsu.bikelet.domain.Tenant.findTenantEntries(Tenant.java:1)
	at com.sjsu.bikelet.domain.Tenant_Roo_Entity.ajc$interMethodDispatch1$com_sjsu_bikelet_domain_Tenant_Roo_Entity$com_sjsu_bikelet_domain_Tenant$findTenantEntries(Tenant_Roo_Entity.aj)
	at com.sjsu.bikelet.domain.TenantDataOnDemand_Roo_DataOnDemand.ajc$interMethod$com_sjsu_bikelet_domain_TenantDataOnDemand_Roo_DataOnDemand$com_sjsu_bikelet_domain_TenantDataOnDemand$init(TenantDataOnDemand_Roo_DataOnDemand.aj:142)
	at com.sjsu.bikelet.domain.TenantDataOnDemand.init(TenantDataOnDemand.java:1)
	at com.sjsu.bikelet.domain.TenantDataOnDemand_Roo_DataOnDemand.ajc$interMethodDispatch1$com_sjsu_bikelet_domain_TenantDataOnDemand_Roo_DataOnDemand$com_sjsu_bikelet_domain_TenantDataOnDemand$init(TenantDataOnDemand_Roo_DataOnDemand.aj)
	at com.sjsu.bikelet.domain.TenantDataOnDemand_Roo_DataOnDemand.ajc$interMethod$com_sjsu_bikelet_domain_TenantDataOnDemand_Roo_DataOnDemand$com_sjsu_bikelet_domain_TenantDataOnDemand$getRandomTenant(TenantDataOnDemand_Roo_DataOnDemand.aj:129)
	at com.sjsu.bikelet.domain.TenantDataOnDemand.getRandomTenant(TenantDataOnDemand.java:1)
	at com.sjsu.bikelet.domain.TenantDataOnDemand_Roo_DataOnDemand.ajc$interMethodDispatch1$com_sjsu_bikelet_domain_TenantDataOnDemand_Roo_DataOnDemand$com_sjsu_bikelet_domain_TenantDataOnDemand$getRandomTenant(TenantDataOnDemand_Roo_DataOnDemand.aj)
	at com.sjsu.bikelet.domain.TenantIntegrationTest_Roo_IntegrationTest.ajc$interMethod$com_sjsu_bikelet_domain_TenantIntegrationTest_Roo_IntegrationTest$com_sjsu_bikelet_domain_TenantIntegrationTest$testFindTenant(TenantIntegrationTest_Roo_IntegrationTest.aj:38)
	at com.sjsu.bikelet.domain.TenantIntegrationTest.testFindTenant(TenantIntegrationTest.java:1)
	at sun.reflect.NativeMethodAccessorImpl.invoke0(Native Method)
	at sun.reflect.NativeMethodAccessorImpl.invoke(NativeMethodAccessorImpl.java:39)
	at sun.reflect.DelegatingMethodAccessorImpl.invoke(DelegatingMethodAccessorImpl.java:25)
	at java.lang.reflect.Method.invoke(Method.java:597)
	at org.junit.runners.model.FrameworkMethod$1.runReflectiveCall(FrameworkMethod.java:44)
	at org.junit.internal.runners.model.ReflectiveCallable.run(ReflectiveCallable.java:15)
	at org.junit.runners.model.FrameworkMethod.invokeExplosively(FrameworkMethod.java:41)
	at org.junit.internal.runners.statements.InvokeMethod.evaluate(InvokeMethod.java:20)
	at org.springframework.test.context.junit4.statements.RunBeforeTestMethodCallbacks.evaluate(RunBeforeTestMethodCallbacks.java:74)
	at org.springframework.test.context.junit4.statements.RunAfterTestMethodCallbacks.evaluate(RunAfterTestMethodCallbacks.java:82)
	at org.springframework.test.context.junit4.statements.SpringRepeat.evaluate(SpringRepeat.java:72)
	at org.springframework.test.context.junit4.SpringJUnit4ClassRunner.runChild(SpringJUnit4ClassRunner.java:231)
	at org.junit.runners.BlockJUnit4ClassRunner.runChild(BlockJUnit4ClassRunner.java:49)
	at org.junit.runners.ParentRunner$3.run(ParentRunner.java:193)
	at org.junit.runners.ParentRunner$1.schedule(ParentRunner.java:52)
	at org.junit.runners.ParentRunner.runChildren(ParentRunner.java:191)
	at org.junit.runners.ParentRunner.access$000(ParentRunner.java:42)
	at org.junit.runners.ParentRunner$2.evaluate(ParentRunner.java:184)
	at org.springframework.test.context.junit4.statements.RunBeforeTestClassCallbacks.evaluate(RunBeforeTestClassCallbacks.java:61)
	at org.springframework.test.context.junit4.statements.RunAfterTestClassCallbacks.evaluate(RunAfterTestClassCallbacks.java:70)
	at org.junit.runners.ParentRunner.run(ParentRunner.java:236)
	at org.springframework.test.context.junit4.SpringJUnit4ClassRunner.run(SpringJUnit4ClassRunner.java:174)
	at org.apache.maven.surefire.junit4.JUnit4TestSet.execute(JUnit4TestSet.java:53)
	at org.apache.maven.surefire.junit4.JUnit4Provider.executeTestSet(JUnit4Provider.java:119)
	at org.apache.maven.surefire.junit4.JUnit4Provider.invoke(JUnit4Provider.java:101)
	at sun.reflect.NativeMethodAccessorImpl.invoke0(Native Method)
	at sun.reflect.NativeMethodAccessorImpl.invoke(NativeMethodAccessorImpl.java:39)
	at sun.reflect.DelegatingMethodAccessorImpl.invoke(DelegatingMethodAccessorImpl.java:25)
	at java.lang.reflect.Method.invoke(Method.java:597)
	at org.apache.maven.surefire.booter.ProviderFactory$ClassLoaderProxy.invoke(ProviderFactory.java:103)
	at $Proxy0.invoke(Unknown Source)
	at org.apache.maven.surefire.booter.SurefireStarter.invokeProvider(SurefireStarter.java:150)
	at org.apache.maven.surefire.booter.SurefireStarter.runSuitesInProcess(SurefireStarter.java:91)
	at org.apache.maven.surefire.booter.ForkedBooter.main(ForkedBooter.java:69)
Caused by: javax.persistence.PersistenceException: org.hibernate.exception.GenericJDBCException: could not execute query
	at org.hibernate.ejb.AbstractEntityManagerImpl.convert(AbstractEntityManagerImpl.java:1215)
	at org.hibernate.ejb.AbstractEntityManagerImpl.convert(AbstractEntityManagerImpl.java:1148)
	at org.hibernate.ejb.QueryImpl.getResultList(QueryImpl.java:255)
	... 46 more
Caused by: org.hibernate.exception.GenericJDBCException: could not execute query
	at org.hibernate.exception.SQLStateConverter.handledNonSpecificException(SQLStateConverter.java:140)
	at org.hibernate.exception.SQLStateConverter.convert(SQLStateConverter.java:128)
	at org.hibernate.exception.JDBCExceptionHelper.convert(JDBCExceptionHelper.java:66)
	at org.hibernate.loader.Loader.doList(Loader.java:2536)
	at org.hibernate.loader.Loader.listIgnoreQueryCache(Loader.java:2276)
	at org.hibernate.loader.Loader.list(Loader.java:2271)
	at org.hibernate.loader.hql.QueryLoader.list(QueryLoader.java:452)
	at org.hibernate.hql.ast.QueryTranslatorImpl.list(QueryTranslatorImpl.java:363)
	at org.hibernate.engine.query.HQLQueryPlan.performList(HQLQueryPlan.java:196)
	at org.hibernate.impl.SessionImpl.list(SessionImpl.java:1268)
	at org.hibernate.impl.QueryImpl.list(QueryImpl.java:102)
	at org.hibernate.ejb.QueryImpl.getResultList(QueryImpl.java:246)
	... 46 more
Caused by: java.sql.SQLException: No database selected
	at com.mysql.jdbc.SQLError.createSQLException(SQLError.java:1073)
	at com.mysql.jdbc.MysqlIO.checkErrorPacket(MysqlIO.java:3597)
	at com.mysql.jdbc.MysqlIO.checkErrorPacket(MysqlIO.java:3529)
	at com.mysql.jdbc.MysqlIO.sendCommand(MysqlIO.java:1990)
	at com.mysql.jdbc.MysqlIO.sqlQueryDirect(MysqlIO.java:2151)
	at com.mysql.jdbc.ConnectionImpl.execSQL(ConnectionImpl.java:2625)
	at com.mysql.jdbc.PreparedStatement.executeInternal(PreparedStatement.java:2119)
	at com.mysql.jdbc.PreparedStatement.executeQuery(PreparedStatement.java:2281)
	at org.apache.commons.dbcp.DelegatingPreparedStatement.executeQuery(DelegatingPreparedStatement.java:96)
	at org.apache.commons.dbcp.DelegatingPreparedStatement.executeQuery(DelegatingPreparedStatement.java:96)
	at org.hibernate.jdbc.AbstractBatcher.getResultSet(AbstractBatcher.java:208)
	at org.hibernate.loader.Loader.getResultSet(Loader.java:1953)
	at org.hibernate.loader.Loader.doQuery(Loader.java:802)
	at org.hibernate.loader.Loader.doQueryAndInitializeNonLazyCollections(Loader.java:274)
	at org.hibernate.loader.Loader.doList(Loader.java:2533)
	... 54 more
</error>
    <system-out>2013-02-01 01:36:43,613 [main] ERROR org.hibernate.util.JDBCExceptionReporter - No database selected
</system-out>
  </testcase>
  <testcase time="0.004" classname="com.sjsu.bikelet.domain.TenantIntegrationTest" name="testFindAllTenants">
    <error message="org.hibernate.exception.GenericJDBCException: could not execute query; nested exception is javax.persistence.PersistenceException: org.hibernate.exception.GenericJDBCException: could not execute query" type="org.springframework.orm.jpa.JpaSystemException">org.springframework.orm.jpa.JpaSystemException: org.hibernate.exception.GenericJDBCException: could not execute query; nested exception is javax.persistence.PersistenceException: org.hibernate.exception.GenericJDBCException: could not execute query
	at org.springframework.orm.jpa.EntityManagerFactoryUtils.convertJpaAccessExceptionIfPossible(EntityManagerFactoryUtils.java:311)
	at org.springframework.orm.jpa.aspectj.JpaExceptionTranslatorAspect.ajc$afterThrowing$org_springframework_orm_jpa_aspectj_JpaExceptionTranslatorAspect$1$18a1ac9(JpaExceptionTranslatorAspect.aj:15)
	at com.sjsu.bikelet.domain.Tenant_Roo_Entity.findTenantEntries_aroundBody8(Tenant_Roo_Entity.aj:75)
	at com.sjsu.bikelet.domain.Tenant_Roo_Entity.ajc$interMethod$com_sjsu_bikelet_domain_Tenant_Roo_Entity$com_sjsu_bikelet_domain_Tenant$findTenantEntries(Tenant_Roo_Entity.aj:1)
	at com.sjsu.bikelet.domain.Tenant.findTenantEntries(Tenant.java:1)
	at com.sjsu.bikelet.domain.Tenant_Roo_Entity.ajc$interMethodDispatch1$com_sjsu_bikelet_domain_Tenant_Roo_Entity$com_sjsu_bikelet_domain_Tenant$findTenantEntries(Tenant_Roo_Entity.aj)
	at com.sjsu.bikelet.domain.TenantDataOnDemand_Roo_DataOnDemand.ajc$interMethod$com_sjsu_bikelet_domain_TenantDataOnDemand_Roo_DataOnDemand$com_sjsu_bikelet_domain_TenantDataOnDemand$init(TenantDataOnDemand_Roo_DataOnDemand.aj:142)
	at com.sjsu.bikelet.domain.TenantDataOnDemand.init(TenantDataOnDemand.java:1)
	at com.sjsu.bikelet.domain.TenantDataOnDemand_Roo_DataOnDemand.ajc$interMethodDispatch1$com_sjsu_bikelet_domain_TenantDataOnDemand_Roo_DataOnDemand$com_sjsu_bikelet_domain_TenantDataOnDemand$init(TenantDataOnDemand_Roo_DataOnDemand.aj)
	at com.sjsu.bikelet.domain.TenantDataOnDemand_Roo_DataOnDemand.ajc$interMethod$com_sjsu_bikelet_domain_TenantDataOnDemand_Roo_DataOnDemand$com_sjsu_bikelet_domain_TenantDataOnDemand$getRandomTenant(TenantDataOnDemand_Roo_DataOnDemand.aj:129)
	at com.sjsu.bikelet.domain.TenantDataOnDemand.getRandomTenant(TenantDataOnDemand.java:1)
	at com.sjsu.bikelet.domain.TenantDataOnDemand_Roo_DataOnDemand.ajc$interMethodDispatch1$com_sjsu_bikelet_domain_TenantDataOnDemand_Roo_DataOnDemand$com_sjsu_bikelet_domain_TenantDataOnDemand$getRandomTenant(TenantDataOnDemand_Roo_DataOnDemand.aj)
	at com.sjsu.bikelet.domain.TenantIntegrationTest_Roo_IntegrationTest.ajc$interMethod$com_sjsu_bikelet_domain_TenantIntegrationTest_Roo_IntegrationTest$com_sjsu_bikelet_domain_TenantIntegrationTest$testFindAllTenants(TenantIntegrationTest_Roo_IntegrationTest.aj:49)
	at com.sjsu.bikelet.domain.TenantIntegrationTest.testFindAllTenants(TenantIntegrationTest.java:1)
	at sun.reflect.NativeMethodAccessorImpl.invoke0(Native Method)
	at sun.reflect.NativeMethodAccessorImpl.invoke(NativeMethodAccessorImpl.java:39)
	at sun.reflect.DelegatingMethodAccessorImpl.invoke(DelegatingMethodAccessorImpl.java:25)
	at java.lang.reflect.Method.invoke(Method.java:597)
	at org.junit.runners.model.FrameworkMethod$1.runReflectiveCall(FrameworkMethod.java:44)
	at org.junit.internal.runners.model.ReflectiveCallable.run(ReflectiveCallable.java:15)
	at org.junit.runners.model.FrameworkMethod.invokeExplosively(FrameworkMethod.java:41)
	at org.junit.internal.runners.statements.InvokeMethod.evaluate(InvokeMethod.java:20)
	at org.springframework.test.context.junit4.statements.RunBeforeTestMethodCallbacks.evaluate(RunBeforeTestMethodCallbacks.java:74)
	at org.springframework.test.context.junit4.statements.RunAfterTestMethodCallbacks.evaluate(RunAfterTestMethodCallbacks.java:82)
	at org.springframework.test.context.junit4.statements.SpringRepeat.evaluate(SpringRepeat.java:72)
	at org.springframework.test.context.junit4.SpringJUnit4ClassRunner.runChild(SpringJUnit4ClassRunner.java:231)
	at org.junit.runners.BlockJUnit4ClassRunner.runChild(BlockJUnit4ClassRunner.java:49)
	at org.junit.runners.ParentRunner$3.run(ParentRunner.java:193)
	at org.junit.runners.ParentRunner$1.schedule(ParentRunner.java:52)
	at org.junit.runners.ParentRunner.runChildren(ParentRunner.java:191)
	at org.junit.runners.ParentRunner.access$000(ParentRunner.java:42)
	at org.junit.runners.ParentRunner$2.evaluate(ParentRunner.java:184)
	at org.springframework.test.context.junit4.statements.RunBeforeTestClassCallbacks.evaluate(RunBeforeTestClassCallbacks.java:61)
	at org.springframework.test.context.junit4.statements.RunAfterTestClassCallbacks.evaluate(RunAfterTestClassCallbacks.java:70)
	at org.junit.runners.ParentRunner.run(ParentRunner.java:236)
	at org.springframework.test.context.junit4.SpringJUnit4ClassRunner.run(SpringJUnit4ClassRunner.java:174)
	at org.apache.maven.surefire.junit4.JUnit4TestSet.execute(JUnit4TestSet.java:53)
	at org.apache.maven.surefire.junit4.JUnit4Provider.executeTestSet(JUnit4Provider.java:119)
	at org.apache.maven.surefire.junit4.JUnit4Provider.invoke(JUnit4Provider.java:101)
	at sun.reflect.NativeMethodAccessorImpl.invoke0(Native Method)
	at sun.reflect.NativeMethodAccessorImpl.invoke(NativeMethodAccessorImpl.java:39)
	at sun.reflect.DelegatingMethodAccessorImpl.invoke(DelegatingMethodAccessorImpl.java:25)
	at java.lang.reflect.Method.invoke(Method.java:597)
	at org.apache.maven.surefire.booter.ProviderFactory$ClassLoaderProxy.invoke(ProviderFactory.java:103)
	at $Proxy0.invoke(Unknown Source)
	at org.apache.maven.surefire.booter.SurefireStarter.invokeProvider(SurefireStarter.java:150)
	at org.apache.maven.surefire.booter.SurefireStarter.runSuitesInProcess(SurefireStarter.java:91)
	at org.apache.maven.surefire.booter.ForkedBooter.main(ForkedBooter.java:69)
Caused by: javax.persistence.PersistenceException: org.hibernate.exception.GenericJDBCException: could not execute query
	at org.hibernate.ejb.AbstractEntityManagerImpl.convert(AbstractEntityManagerImpl.java:1215)
	at org.hibernate.ejb.AbstractEntityManagerImpl.convert(AbstractEntityManagerImpl.java:1148)
	at org.hibernate.ejb.QueryImpl.getResultList(QueryImpl.java:255)
	... 46 more
Caused by: org.hibernate.exception.GenericJDBCException: could not execute query
	at org.hibernate.exception.SQLStateConverter.handledNonSpecificException(SQLStateConverter.java:140)
	at org.hibernate.exception.SQLStateConverter.convert(SQLStateConverter.java:128)
	at org.hibernate.exception.JDBCExceptionHelper.convert(JDBCExceptionHelper.java:66)
	at org.hibernate.loader.Loader.doList(Loader.java:2536)
	at org.hibernate.loader.Loader.listIgnoreQueryCache(Loader.java:2276)
	at org.hibernate.loader.Loader.list(Loader.java:2271)
	at org.hibernate.loader.hql.QueryLoader.list(QueryLoader.java:452)
	at org.hibernate.hql.ast.QueryTranslatorImpl.list(QueryTranslatorImpl.java:363)
	at org.hibernate.engine.query.HQLQueryPlan.performList(HQLQueryPlan.java:196)
	at org.hibernate.impl.SessionImpl.list(SessionImpl.java:1268)
	at org.hibernate.impl.QueryImpl.list(QueryImpl.java:102)
	at org.hibernate.ejb.QueryImpl.getResultList(QueryImpl.java:246)
	... 46 more
Caused by: java.sql.SQLException: No database selected
	at com.mysql.jdbc.SQLError.createSQLException(SQLError.java:1073)
	at com.mysql.jdbc.MysqlIO.checkErrorPacket(MysqlIO.java:3597)
	at com.mysql.jdbc.MysqlIO.checkErrorPacket(MysqlIO.java:3529)
	at com.mysql.jdbc.MysqlIO.sendCommand(MysqlIO.java:1990)
	at com.mysql.jdbc.MysqlIO.sqlQueryDirect(MysqlIO.java:2151)
	at com.mysql.jdbc.ConnectionImpl.execSQL(ConnectionImpl.java:2625)
	at com.mysql.jdbc.PreparedStatement.executeInternal(PreparedStatement.java:2119)
	at com.mysql.jdbc.PreparedStatement.executeQuery(PreparedStatement.java:2281)
	at org.apache.commons.dbcp.DelegatingPreparedStatement.executeQuery(DelegatingPreparedStatement.java:96)
	at org.apache.commons.dbcp.DelegatingPreparedStatement.executeQuery(DelegatingPreparedStatement.java:96)
	at org.hibernate.jdbc.AbstractBatcher.getResultSet(AbstractBatcher.java:208)
	at org.hibernate.loader.Loader.getResultSet(Loader.java:1953)
	at org.hibernate.loader.Loader.doQuery(Loader.java:802)
	at org.hibernate.loader.Loader.doQueryAndInitializeNonLazyCollections(Loader.java:274)
	at org.hibernate.loader.Loader.doList(Loader.java:2533)
	... 54 more
</error>
    <system-out>2013-02-01 01:36:43,617 [main] ERROR org.hibernate.util.JDBCExceptionReporter - No database selected
</system-out>
  </testcase>
  <testcase time="0.005" classname="com.sjsu.bikelet.domain.TenantIntegrationTest" name="testFindTenantEntries">
    <error message="org.hibernate.exception.GenericJDBCException: could not execute query; nested exception is javax.persistence.PersistenceException: org.hibernate.exception.GenericJDBCException: could not execute query" type="org.springframework.orm.jpa.JpaSystemException">org.springframework.orm.jpa.JpaSystemException: org.hibernate.exception.GenericJDBCException: could not execute query; nested exception is javax.persistence.PersistenceException: org.hibernate.exception.GenericJDBCException: could not execute query
	at org.springframework.orm.jpa.EntityManagerFactoryUtils.convertJpaAccessExceptionIfPossible(EntityManagerFactoryUtils.java:311)
	at org.springframework.orm.jpa.aspectj.JpaExceptionTranslatorAspect.ajc$afterThrowing$org_springframework_orm_jpa_aspectj_JpaExceptionTranslatorAspect$1$18a1ac9(JpaExceptionTranslatorAspect.aj:15)
	at com.sjsu.bikelet.domain.Tenant_Roo_Entity.findTenantEntries_aroundBody8(Tenant_Roo_Entity.aj:75)
	at com.sjsu.bikelet.domain.Tenant_Roo_Entity.ajc$interMethod$com_sjsu_bikelet_domain_Tenant_Roo_Entity$com_sjsu_bikelet_domain_Tenant$findTenantEntries(Tenant_Roo_Entity.aj:1)
	at com.sjsu.bikelet.domain.Tenant.findTenantEntries(Tenant.java:1)
	at com.sjsu.bikelet.domain.Tenant_Roo_Entity.ajc$interMethodDispatch1$com_sjsu_bikelet_domain_Tenant_Roo_Entity$com_sjsu_bikelet_domain_Tenant$findTenantEntries(Tenant_Roo_Entity.aj)
	at com.sjsu.bikelet.domain.TenantDataOnDemand_Roo_DataOnDemand.ajc$interMethod$com_sjsu_bikelet_domain_TenantDataOnDemand_Roo_DataOnDemand$com_sjsu_bikelet_domain_TenantDataOnDemand$init(TenantDataOnDemand_Roo_DataOnDemand.aj:142)
	at com.sjsu.bikelet.domain.TenantDataOnDemand.init(TenantDataOnDemand.java:1)
	at com.sjsu.bikelet.domain.TenantDataOnDemand_Roo_DataOnDemand.ajc$interMethodDispatch1$com_sjsu_bikelet_domain_TenantDataOnDemand_Roo_DataOnDemand$com_sjsu_bikelet_domain_TenantDataOnDemand$init(TenantDataOnDemand_Roo_DataOnDemand.aj)
	at com.sjsu.bikelet.domain.TenantDataOnDemand_Roo_DataOnDemand.ajc$interMethod$com_sjsu_bikelet_domain_TenantDataOnDemand_Roo_DataOnDemand$com_sjsu_bikelet_domain_TenantDataOnDemand$getRandomTenant(TenantDataOnDemand_Roo_DataOnDemand.aj:129)
	at com.sjsu.bikelet.domain.TenantDataOnDemand.getRandomTenant(TenantDataOnDemand.java:1)
	at com.sjsu.bikelet.domain.TenantDataOnDemand_Roo_DataOnDemand.ajc$interMethodDispatch1$com_sjsu_bikelet_domain_TenantDataOnDemand_Roo_DataOnDemand$com_sjsu_bikelet_domain_TenantDataOnDemand$getRandomTenant(TenantDataOnDemand_Roo_DataOnDemand.aj)
	at com.sjsu.bikelet.domain.TenantIntegrationTest_Roo_IntegrationTest.ajc$interMethod$com_sjsu_bikelet_domain_TenantIntegrationTest_Roo_IntegrationTest$com_sjsu_bikelet_domain_TenantIntegrationTest$testFindTenantEntries(TenantIntegrationTest_Roo_IntegrationTest.aj:59)
	at com.sjsu.bikelet.domain.TenantIntegrationTest.testFindTenantEntries(TenantIntegrationTest.java:1)
	at sun.reflect.NativeMethodAccessorImpl.invoke0(Native Method)
	at sun.reflect.NativeMethodAccessorImpl.invoke(NativeMethodAccessorImpl.java:39)
	at sun.reflect.DelegatingMethodAccessorImpl.invoke(DelegatingMethodAccessorImpl.java:25)
	at java.lang.reflect.Method.invoke(Method.java:597)
	at org.junit.runners.model.FrameworkMethod$1.runReflectiveCall(FrameworkMethod.java:44)
	at org.junit.internal.runners.model.ReflectiveCallable.run(ReflectiveCallable.java:15)
	at org.junit.runners.model.FrameworkMethod.invokeExplosively(FrameworkMethod.java:41)
	at org.junit.internal.runners.statements.InvokeMethod.evaluate(InvokeMethod.java:20)
	at org.springframework.test.context.junit4.statements.RunBeforeTestMethodCallbacks.evaluate(RunBeforeTestMethodCallbacks.java:74)
	at org.springframework.test.context.junit4.statements.RunAfterTestMethodCallbacks.evaluate(RunAfterTestMethodCallbacks.java:82)
	at org.springframework.test.context.junit4.statements.SpringRepeat.evaluate(SpringRepeat.java:72)
	at org.springframework.test.context.junit4.SpringJUnit4ClassRunner.runChild(SpringJUnit4ClassRunner.java:231)
	at org.junit.runners.BlockJUnit4ClassRunner.runChild(BlockJUnit4ClassRunner.java:49)
	at org.junit.runners.ParentRunner$3.run(ParentRunner.java:193)
	at org.junit.runners.ParentRunner$1.schedule(ParentRunner.java:52)
	at org.junit.runners.ParentRunner.runChildren(ParentRunner.java:191)
	at org.junit.runners.ParentRunner.access$000(ParentRunner.java:42)
	at org.junit.runners.ParentRunner$2.evaluate(ParentRunner.java:184)
	at org.springframework.test.context.junit4.statements.RunBeforeTestClassCallbacks.evaluate(RunBeforeTestClassCallbacks.java:61)
	at org.springframework.test.context.junit4.statements.RunAfterTestClassCallbacks.evaluate(RunAfterTestClassCallbacks.java:70)
	at org.junit.runners.ParentRunner.run(ParentRunner.java:236)
	at org.springframework.test.context.junit4.SpringJUnit4ClassRunner.run(SpringJUnit4ClassRunner.java:174)
	at org.apache.maven.surefire.junit4.JUnit4TestSet.execute(JUnit4TestSet.java:53)
	at org.apache.maven.surefire.junit4.JUnit4Provider.executeTestSet(JUnit4Provider.java:119)
	at org.apache.maven.surefire.junit4.JUnit4Provider.invoke(JUnit4Provider.java:101)
	at sun.reflect.NativeMethodAccessorImpl.invoke0(Native Method)
	at sun.reflect.NativeMethodAccessorImpl.invoke(NativeMethodAccessorImpl.java:39)
	at sun.reflect.DelegatingMethodAccessorImpl.invoke(DelegatingMethodAccessorImpl.java:25)
	at java.lang.reflect.Method.invoke(Method.java:597)
	at org.apache.maven.surefire.booter.ProviderFactory$ClassLoaderProxy.invoke(ProviderFactory.java:103)
	at $Proxy0.invoke(Unknown Source)
	at org.apache.maven.surefire.booter.SurefireStarter.invokeProvider(SurefireStarter.java:150)
	at org.apache.maven.surefire.booter.SurefireStarter.runSuitesInProcess(SurefireStarter.java:91)
	at org.apache.maven.surefire.booter.ForkedBooter.main(ForkedBooter.java:69)
Caused by: javax.persistence.PersistenceException: org.hibernate.exception.GenericJDBCException: could not execute query
	at org.hibernate.ejb.AbstractEntityManagerImpl.convert(AbstractEntityManagerImpl.java:1215)
	at org.hibernate.ejb.AbstractEntityManagerImpl.convert(AbstractEntityManagerImpl.java:1148)
	at org.hibernate.ejb.QueryImpl.getResultList(QueryImpl.java:255)
	... 46 more
Caused by: org.hibernate.exception.GenericJDBCException: could not execute query
	at org.hibernate.exception.SQLStateConverter.handledNonSpecificException(SQLStateConverter.java:140)
	at org.hibernate.exception.SQLStateConverter.convert(SQLStateConverter.java:128)
	at org.hibernate.exception.JDBCExceptionHelper.convert(JDBCExceptionHelper.java:66)
	at org.hibernate.loader.Loader.doList(Loader.java:2536)
	at org.hibernate.loader.Loader.listIgnoreQueryCache(Loader.java:2276)
	at org.hibernate.loader.Loader.list(Loader.java:2271)
	at org.hibernate.loader.hql.QueryLoader.list(QueryLoader.java:452)
	at org.hibernate.hql.ast.QueryTranslatorImpl.list(QueryTranslatorImpl.java:363)
	at org.hibernate.engine.query.HQLQueryPlan.performList(HQLQueryPlan.java:196)
	at org.hibernate.impl.SessionImpl.list(SessionImpl.java:1268)
	at org.hibernate.impl.QueryImpl.list(QueryImpl.java:102)
	at org.hibernate.ejb.QueryImpl.getResultList(QueryImpl.java:246)
	... 46 more
Caused by: java.sql.SQLException: No database selected
	at com.mysql.jdbc.SQLError.createSQLException(SQLError.java:1073)
	at com.mysql.jdbc.MysqlIO.checkErrorPacket(MysqlIO.java:3597)
	at com.mysql.jdbc.MysqlIO.checkErrorPacket(MysqlIO.java:3529)
	at com.mysql.jdbc.MysqlIO.sendCommand(MysqlIO.java:1990)
	at com.mysql.jdbc.MysqlIO.sqlQueryDirect(MysqlIO.java:2151)
	at com.mysql.jdbc.ConnectionImpl.execSQL(ConnectionImpl.java:2625)
	at com.mysql.jdbc.PreparedStatement.executeInternal(PreparedStatement.java:2119)
	at com.mysql.jdbc.PreparedStatement.executeQuery(PreparedStatement.java:2281)
	at org.apache.commons.dbcp.DelegatingPreparedStatement.executeQuery(DelegatingPreparedStatement.java:96)
	at org.apache.commons.dbcp.DelegatingPreparedStatement.executeQuery(DelegatingPreparedStatement.java:96)
	at org.hibernate.jdbc.AbstractBatcher.getResultSet(AbstractBatcher.java:208)
	at org.hibernate.loader.Loader.getResultSet(Loader.java:1953)
	at org.hibernate.loader.Loader.doQuery(Loader.java:802)
	at org.hibernate.loader.Loader.doQueryAndInitializeNonLazyCollections(Loader.java:274)
	at org.hibernate.loader.Loader.doList(Loader.java:2533)
	... 54 more
</error>
    <system-out>2013-02-01 01:36:43,622 [main] ERROR org.hibernate.util.JDBCExceptionReporter - No database selected
</system-out>
  </testcase>
</testsuite>